<?xml version="1.0" encoding="UTF-8"?>
<!-- Generated by org.testng.reporters.JUnitReportReporter -->
<testsuite hostname="VGs-MacBook-Pro.local" failures="0" tests="12" name="iOSTest.e2eTestiOS" time="366.377" errors="1" timestamp="2024-08-08T16:11:41 WAT" skipped="0">
  <testcase classname="iOSTest.e2eTestiOS" name="beforeTestSetup" time="4.242"/>
  <system-out/>
  <testcase classname="iOSTest.e2eTestiOS" name="signUp" time="38.655"/>
  <system-out/>
  <testcase classname="iOSTest.e2eTestiOS" name="onboardingAssessment" time="31.967"/>
  <system-out/>
  <testcase classname="iOSTest.e2eTestiOS" name="addMedication" time="28.003"/>
  <system-out/>
  <testcase classname="iOSTest.e2eTestiOS" name="setDosage" time="46.485"/>
  <system-out/>
  <testcase classname="iOSTest.e2eTestiOS" name="logSymptoms" time="31.035"/>
  <system-out/>
  <testcase classname="iOSTest.e2eTestiOS" name="logProcedure" time="41.066"/>
  <system-out/>
  <testcase classname="iOSTest.e2eTestiOS" name="logHeartRate" time="22.242"/>
  <system-out/>
  <testcase classname="iOSTest.e2eTestiOS" name="logBP" time="33.447"/>
  <system-out/>
  <testcase classname="iOSTest.e2eTestiOS" name="logSleep" time="30.022"/>
  <system-out/>
  <testcase classname="iOSTest.e2eTestiOS" name="RecommendationSystem" time="51.275">
    <error message="An element could not be located on the page using the given search parameters.
For documentation on this error, please visit: https://www.selenium.dev/documentation/webdriver/troubleshooting/errors#no-such-element-exception
Build info: version: &#039;4.19.1&#039;, revision: &#039;abe0ee07dc&#039;
System info: os.name: &#039;Mac OS X&#039;, os.arch: &#039;aarch64&#039;, os.version: &#039;14.5&#039;, java.version: &#039;22.0.1&#039;
Driver info: io.appium.java_client.android.AndroidDriver
Command: [8ca85c8e-62e7-4371-bb47-42857991f02c, findElement {using=accessibility id, value=Updated COVID-19 Vaccines (2023 / 2024)}]
Capabilities {appium:app: /Users/olufemiomeiza/Downlo..., appium:autoDismissAlerts: true, appium:automationName: XCUITest, appium:bundleId: com.mycygnal.mycygnal, appium:databaseEnabled: false, appium:deviceName: iPhone 15, appium:javascriptEnabled: true, appium:locationContextEnabled: false, appium:networkConnectionEnabled: false, appium:platformVersion: 17.5, appium:takesScreenshot: true, appium:udid: 293CB621-315F-4285-922D-9DD..., appium:webStorageEnabled: false, platformName: IOS}
Session ID: 8ca85c8e-62e7-4371-bb47-42857991f02c" type="org.openqa.selenium.NoSuchElementException">
      <![CDATA[org.openqa.selenium.NoSuchElementException: An element could not be located on the page using the given search parameters.
For documentation on this error, please visit: https://www.selenium.dev/documentation/webdriver/troubleshooting/errors#no-such-element-exception
Build info: version: '4.19.1', revision: 'abe0ee07dc'
System info: os.name: 'Mac OS X', os.arch: 'aarch64', os.version: '14.5', java.version: '22.0.1'
Driver info: io.appium.java_client.android.AndroidDriver
Command: [8ca85c8e-62e7-4371-bb47-42857991f02c, findElement {using=accessibility id, value=Updated COVID-19 Vaccines (2023 / 2024)}]
Capabilities {appium:app: /Users/olufemiomeiza/Downlo..., appium:autoDismissAlerts: true, appium:automationName: XCUITest, appium:bundleId: com.mycygnal.mycygnal, appium:databaseEnabled: false, appium:deviceName: iPhone 15, appium:javascriptEnabled: true, appium:locationContextEnabled: false, appium:networkConnectionEnabled: false, appium:platformVersion: 17.5, appium:takesScreenshot: true, appium:udid: 293CB621-315F-4285-922D-9DD..., appium:webStorageEnabled: false, platformName: IOS}
Session ID: 8ca85c8e-62e7-4371-bb47-42857991f02c
at java.base/jdk.internal.reflect.DirectConstructorHandleAccessor.newInstance(DirectConstructorHandleAccessor.java:62)
at java.base/java.lang.reflect.Constructor.newInstanceWithCaller(Constructor.java:502)
at java.base/java.lang.reflect.Constructor.newInstance(Constructor.java:486)
at org.openqa.selenium.remote.ErrorCodec.decode(ErrorCodec.java:167)
at org.openqa.selenium.remote.codec.w3c.W3CHttpResponseCodec.decode(W3CHttpResponseCodec.java:138)
at org.openqa.selenium.remote.codec.w3c.W3CHttpResponseCodec.decode(W3CHttpResponseCodec.java:50)
at org.openqa.selenium.remote.HttpCommandExecutor.execute(HttpCommandExecutor.java:190)
at io.appium.java_client.remote.AppiumCommandExecutor.execute(AppiumCommandExecutor.java:237)
at org.openqa.selenium.remote.RemoteWebDriver.execute(RemoteWebDriver.java:518)
at org.openqa.selenium.remote.ElementLocation$ElementFinder$2.findElement(ElementLocation.java:165)
at org.openqa.selenium.remote.ElementLocation.findElement(ElementLocation.java:59)
at org.openqa.selenium.remote.RemoteWebDriver.findElement(RemoteWebDriver.java:355)
at org.openqa.selenium.remote.RemoteWebDriver.findElement(RemoteWebDriver.java:349)
at iOSPageObject.recommendationSteps.Covid19VaccineIsDisplayed(recommendationSteps.java:188)
at iOSTest.e2eTestiOS.RecommendationSystem(e2eTestiOS.java:220)
at java.base/jdk.internal.reflect.DirectMethodHandleAccessor.invoke(DirectMethodHandleAccessor.java:103)
at java.base/java.lang.reflect.Method.invoke(Method.java:580)
at org.testng.internal.MethodInvocationHelper.invokeMethod(MethodInvocationHelper.java:133)
at org.testng.internal.TestInvoker.invokeMethod(TestInvoker.java:598)
at org.testng.internal.TestInvoker.invokeTestMethod(TestInvoker.java:173)
at org.testng.internal.MethodRunner.runInSequence(MethodRunner.java:46)
at org.testng.internal.TestInvoker$MethodInvocationAgent.invoke(TestInvoker.java:824)
at org.testng.internal.TestInvoker.invokeTestMethods(TestInvoker.java:146)
at org.testng.internal.TestMethodWorker.invokeTestMethods(TestMethodWorker.java:146)
at org.testng.internal.TestMethodWorker.run(TestMethodWorker.java:128)
at java.base/java.util.ArrayList.forEach(ArrayList.java:1597)
at org.testng.TestRunner.privateRun(TestRunner.java:794)
at org.testng.TestRunner.run(TestRunner.java:596)
at org.testng.SuiteRunner.runTest(SuiteRunner.java:377)
at org.testng.SuiteRunner.runSequentially(SuiteRunner.java:371)
at org.testng.SuiteRunner.privateRun(SuiteRunner.java:332)
at org.testng.SuiteRunner.run(SuiteRunner.java:276)
at org.testng.SuiteRunnerWorker.runSuite(SuiteRunnerWorker.java:53)
at org.testng.SuiteRunnerWorker.run(SuiteRunnerWorker.java:96)
at org.testng.TestNG.runSuitesSequentially(TestNG.java:1212)
at org.testng.TestNG.runSuitesLocally(TestNG.java:1134)
at org.testng.TestNG.runSuites(TestNG.java:1063)
at org.testng.TestNG.run(TestNG.java:1031)
at org.testng.remote.AbstractRemoteTestNG.run(AbstractRemoteTestNG.java:115)
at org.testng.remote.RemoteTestNG.initAndRun(RemoteTestNG.java:293)
at org.testng.remote.RemoteTestNG.main(RemoteTestNG.java:91)
]]>
    </error>
  </testcase> <!-- RecommendationSystem -->
  <system-out/>
  <testcase classname="iOSTest.e2eTestiOS" name="deleteAccount" time="7.938"/>
  <system-out/>
</testsuite> <!-- iOSTest.e2eTestiOS -->
